
> hermesx-webui@3.0.0 dev
> vite

8:40:19 PM [vite] (client) Re-optimizing dependencies because lockfile has changed

  VITE v8.1.2  ready in 1726 ms

  ➜  Local:   http://localhost:5173/
  ➜  Network: use --host to expose
8:46:10 PM [vite] (client) hmr update /src/user/styles.css, /src/user/components/workspace/ResultsPanel.tsx
8:50:45 PM [vite] (client) hmr update /src/user/styles.css, /src/user/components/workspace/DialogArea.tsx
9:02:17 PM [vite] (client) page reload src/shared/stores/authStore.ts
9:07:05 PM [vite] (client) hmr update /src/user/styles.css, /src/user/components/workspace/DialogArea.tsx
9:07:11 PM [vite] (client) hmr update /src/user/styles.css, /src/user/components/workspace/DialogArea.tsx
9:07:26 PM [vite] (client) hmr update /src/user/styles.css, /src/user/components/workspace/DialogArea.tsx
9:07:34 PM [vite] (client) hmr update /src/user/styles.css, /src/user/components/workspace/DialogArea.tsx
9:07:51 PM [vite] (client) hmr update /src/user/styles.css, /src/user/components/workspace/DialogArea.tsx
9:08:02 PM [vite] (client) hmr update /src/user/styles.css, /src/user/components/workspace/DialogArea.tsx
9:08:12 PM [vite] (client) hmr update /src/user/styles.css, /src/user/components/workspace/DialogArea.tsx
9:08:19 PM [vite] (client) hmr update /src/user/styles.css, /src/user/components/workspace/DialogArea.tsx
9:16:24 PM [vite] (client) page reload src/shared/components/index.ts
9:16:24 PM [vite] (client) hmr update /src/user/styles.css, /src/user/pages/Chat.tsx
9:16:24 PM [vite] (client) page reload src/shared/stores/authStore.ts
9:16:24 PM [vite] (client) hmr update /src/user/styles.css, /src/user/components/UserShell.tsx
9:16:24 PM [vite] (client) hmr update /src/user/styles.css, /src/user/components/UserShell.tsx
9:16:24 PM [vite] (client) hmr update /src/user/router.tsx, /src/user/styles.css
9:16:24 PM [vite] (client) hmr update /src/user/styles.css, /src/shared/components/InputBar.tsx
9:16:24 PM [vite] (client) hmr update /src/user/styles.css, /src/shared/components/MessageList.tsx
9:16:24 PM [vite] (client) hmr update /src/user/styles.css, /src/shared/components/SessionItem.tsx
9:16:24 PM [vite] (client) hmr update /src/user/styles.css, /src/user/components/workspace/ResultsPanel.tsx
9:16:24 PM [vite] (client) hmr update /src/user/styles.css, /src/user/components/workspace/ResultsPanel.tsx, /src/user/components/workspace/FileUpload.tsx
9:16:24 PM [vite] (client) hmr update /src/user/styles.css, /src/user/components/workspace/DialogArea.tsx
9:16:24 PM [vite] (client) hmr update /src/user/styles.css, /src/user/components/workspace/DialogArea.tsx, /src/user/components/workspace/TaskSidebar.tsx, /src/user/components/workspace/ResultsPanel.tsx, /src/user/components/workspace/PlanSteps.tsx
9:16:24 PM [vite] (client) hmr update /src/user/styles.css, /src/user/components/workspace/DialogArea.tsx
9:16:24 PM [vite] (client) hmr update /src/user/styles.css, /src/user/components/workspace/FilePreview.tsx
9:16:24 PM [vite] (client) hmr update /src/user/styles.css, /src/user/components/workspace/FileUpload.tsx
9:16:24 PM [vite] (client) hmr update /src/user/styles.css, /src/user/components/workspace/PlanSteps.tsx
9:16:24 PM [vite] (client) hmr update /src/user/styles.css, /src/user/components/workspace/ResultsPanel.tsx
9:16:24 PM [vite] (client) hmr update /src/user/styles.css, /src/user/components/workspace/StatusDot.tsx
9:16:24 PM [vite] (client) hmr update /src/user/styles.css, /src/user/components/workspace/TaskSidebar.tsx
9:16:24 PM [vite] (client) hmr update /src/user/styles.css, /src/user/components/workspace/WorkspaceLayout.tsx
9:16:24 PM [vite] (client) hmr update /src/user/styles.css, /src/user/pages/Workspace.tsx
9:16:24 PM [vite] (client) hmr update /src/user/styles.css, /src/user/pages/Workspace.tsx
9:16:31 PM [vite] (client) page reload src/shared/components/InputBar.tsx
9:16:31 PM [vite] (client) page reload src/shared/components/MessageList.tsx
9:16:31 PM [vite] (client) page reload src/shared/components/SessionItem.tsx
9:16:31 PM [vite] (client) page reload src/shared/components/index.ts
9:16:31 PM [vite] (client) page reload src/shared/hooks/useArtifacts.ts
9:16:31 PM [vite] (client) page reload src/shared/hooks/useFiles.ts
9:16:31 PM [vite] (client) hmr update /src/user/styles.css, /src/user/pages/Chat.tsx
9:16:31 PM [vite] (client) page reload src/shared/hooks/useSseManager.ts
9:16:31 PM [vite] (client) page reload src/shared/stores/authStore.ts
9:16:31 PM [vite] (client) page reload src/shared/stores/workspaceStore.ts
9:16:31 PM [vite] (client) hmr update /src/user/styles.css, /src/user/components/UserShell.tsx
9:16:31 PM [vite] (client) hmr update /src/user/styles.css, /src/user/components/UserShell.tsx
9:16:31 PM [vite] (client) page reload src/user/components/workspace/DialogArea.tsx
9:16:31 PM [vite] (client) page reload src/user/components/workspace/FilePreview.tsx
9:16:31 PM [vite] (client) page reload src/user/components/workspace/FileUpload.tsx
9:16:31 PM [vite] (client) page reload src/user/components/workspace/PlanSteps.tsx
9:16:31 PM [vite] (client) page reload src/user/components/workspace/ResultsPanel.tsx
9:16:31 PM [vite] (client) page reload src/user/components/workspace/StatusDot.tsx
9:16:31 PM [vite] (client) page reload src/user/components/workspace/TaskSidebar.tsx
9:16:31 PM [vite] (client) page reload src/user/components/workspace/WorkspaceLayout.tsx
9:16:31 PM [vite] (client) page reload src/user/components/workspace/index.ts
9:16:31 PM [vite] (client) page reload src/user/pages/Workspace.tsx
9:16:31 PM [vite] (client) hmr update /src/user/router.tsx, /src/user/styles.css
9:16:31 PM [vite] (client) hmr invalidate /src/user/router.tsx Could not Fast Refresh ("router" export is incompatible). Learn more at https://github.com/vitejs/vite-plugin-react/tree/main/packages/plugin-react#consistent-components-exports
9:16:31 PM [vite] (client) page reload src/user/router.tsx
